{"/home/madan/mern-prod-project/backend/app.js": {"path":"/home/madan/mern-prod-project/backend/app.js","statementMap":{"0":{"start":{"line":1,"column":16},"end":{"line":1,"column":34}},"1":{"start":{"line":2,"column":17},"end":{"line":2,"column":36}},"2":{"start":{"line":3,"column":13},"end":{"line":3,"column":28}},"3":{"start":{"line":4,"column":15},"end":{"line":4,"column":32}},"4":{"start":{"line":6,"column":0},"end":{"line":6,"column":16}},"5":{"start":{"line":8,"column":12},"end":{"line":8,"column":21}},"6":{"start":{"line":11,"column":0},"end":{"line":11,"column":16}},"7":{"start":{"line":12,"column":0},"end":{"line":12,"column":24}},"8":{"start":{"line":13,"column":0},"end":{"line":13,"column":48}},"9":{"start":{"line":16,"column":0},"end":{"line":22,"column":3}},"10":{"start":{"line":17,"column":2},"end":{"line":21,"column":5}},"11":{"start":{"line":25,"column":0},"end":{"line":27,"column":3}},"12":{"start":{"line":26,"column":2},"end":{"line":26,"column":55}},"13":{"start":{"line":30,"column":0},"end":{"line":34,"column":1}},"14":{"start":{"line":31,"column":2},"end":{"line":33,"column":69}},"15":{"start":{"line":32,"column":16},"end":{"line":32,"column":50}},"16":{"start":{"line":33,"column":18},"end":{"line":33,"column":67}},"17":{"start":{"line":37,"column":0},"end":{"line":42,"column":1}},"18":{"start":{"line":38,"column":15},"end":{"line":38,"column":39}},"19":{"start":{"line":39,"column":2},"end":{"line":41,"column":5}},"20":{"start":{"line":40,"column":4},"end":{"line":40,"column":53}},"21":{"start":{"line":44,"column":0},"end":{"line":44,"column":21}}},"fnMap":{"0":{"name":"(anonymous_0)","decl":{"start":{"line":16,"column":19},"end":{"line":16,"column":20}},"loc":{"start":{"line":16,"column":33},"end":{"line":22,"column":1}},"line":16},"1":{"name":"(anonymous_1)","decl":{"start":{"line":25,"column":13},"end":{"line":25,"column":14}},"loc":{"start":{"line":25,"column":27},"end":{"line":27,"column":1}},"line":25},"2":{"name":"(anonymous_2)","decl":{"start":{"line":32,"column":10},"end":{"line":32,"column":11}},"loc":{"start":{"line":32,"column":16},"end":{"line":32,"column":50}},"line":32},"3":{"name":"(anonymous_3)","decl":{"start":{"line":33,"column":11},"end":{"line":33,"column":12}},"loc":{"start":{"line":33,"column":18},"end":{"line":33,"column":67}},"line":33},"4":{"name":"(anonymous_4)","decl":{"start":{"line":39,"column":19},"end":{"line":39,"column":20}},"loc":{"start":{"line":39,"column":25},"end":{"line":41,"column":3}},"line":39}},"branchMap":{"0":{"loc":{"start":{"line":30,"column":0},"end":{"line":34,"column":1}},"type":"if","locations":[{"start":{"line":30,"column":0},"end":{"line":34,"column":1}},{"start":{},"end":{}}],"line":30},"1":{"loc":{"start":{"line":31,"column":19},"end":{"line":31,"column":78}},"type":"binary-expr","locations":[{"start":{"line":31,"column":19},"end":{"line":31,"column":40}},{"start":{"line":31,"column":44},"end":{"line":31,"column":78}}],"line":31},"2":{"loc":{"start":{"line":37,"column":0},"end":{"line":42,"column":1}},"type":"if","locations":[{"start":{"line":37,"column":0},"end":{"line":42,"column":1}},{"start":{},"end":{}}],"line":37},"3":{"loc":{"start":{"line":38,"column":15},"end":{"line":38,"column":39}},"type":"binary-expr","locations":[{"start":{"line":38,"column":15},"end":{"line":38,"column":31}},{"start":{"line":38,"column":35},"end":{"line":38,"column":39}}],"line":38}},"s":{"0":1,"1":1,"2":1,"3":1,"4":1,"5":1,"6":1,"7":1,"8":1,"9":1,"10":1,"11":1,"12":0,"13":1,"14":0,"15":0,"16":0,"17":1,"18":0,"19":0,"20":0,"21":1},"f":{"0":1,"1":0,"2":0,"3":0,"4":0},"b":{"0":[0,1],"1":[0,0],"2":[0,1],"3":[0,0]},"_coverageSchema":"1a1c01bbd47fc00a2c39e90264f33305004495a9","hash":"8327218a2e7f5fbe37080c3d878c481f0538da59"}
}
